<?xml version="1.0" encoding="UTF-8"?>
<testsuite name="StackTests" tests="2" skipped="0" failures="0" errors="0" timestamp="2021-06-23T10:44:22" hostname="ANPJNB-JOHANS" time="0.03">
  <properties/>
  <testcase name="testPop()" classname="StackTests" time="0.027"/>
  <testcase name="testAddAndRemoveFirst()" classname="StackTests" time="0.002"/>
  <system-out><![CDATA[]]></system-out>
  <system-err><![CDATA[]]></system-err>
</testsuite>
